#:C69    
#Xilinx FPGA Editor Command Log File
#Editor Version:
#:V   NT M2.1 O.76xd
#Current Working Directory:
#:D   E:\Dropbox\Works and collections\Elec\Rice\Joonho\codes\dual_core_PUF_with_PDL_and_ethernet
#Date/Time:
#:T   Tue Nov 12 07:46:18 2013
#------------------------------
	#Reading system.ncd...
	#Loading device for application Rf_Device from file '5vlx110t.nph' in environment C:\Xilinx\13.3\ISE_DS\ISE\.
	#   "system" is an NCD, version 3.2, device xc5vlx110t, package ff1136, speed -1
	#Design creation date: 2013.11.12.02.08.04
	#Building chip graphics...
	#Loading speed info...
	#1
setattr main edit-mode no-logic-changes
	#2
select -k comp 'tm/results<1>'
	#3
unselect comp 'tm/results<1>'
	#4
select -k comp 'tm/results<7>'
	#5
unselect comp 'tm/results<7>'
	#6
select -k comp 'tm/userRunClear'
	#7
unselect comp 'tm/userRunClear'
	#8
select -k comp 'tm/PUF/b_0<7>'
	#9
unselect comp 'tm/PUF/b_0<7>'
	#10
select -k comp 'tm/PUF/b_0<3>'
	#11
unselect comp 'tm/PUF/b_0<3>'
	#12
select -k comp 'tm/PUF/b_0<11>'
	#13
unselect comp 'tm/PUF/b_0<11>'
	#14
select -k comp 'tm/PUF/adder2/Madd_c_cy<27>'
	#15
unselect comp 'tm/PUF/adder2/Madd_c_cy<27>'
	#16
select -k comp 'tm/PUF/adder1/Madd_c_cy<3>'
	#17
unselect -all
	#18
select -k comp 'tm/PUF/adder1/Madd_c_cy<7>'
	#19
unselect comp 'tm/PUF/adder1/Madd_c_cy<7>'
	#20
select -k comp 'tm/PUF/b_0<11>'
	#21
unselect comp 'tm/PUF/b_0<11>'
	#22
select -k comp 'tm/PUF/b_0<15>'
	#23
unselect comp 'tm/PUF/b_0<15>'
	#24
select -k net 'E2M/EC/tx_curr_bytes_left<21>'
	#25
unselect net 'E2M/EC/tx_curr_bytes_left<21>'
	#26
select -k net 'tm/PUF/b_0<19>'
	#27
unselect net 'tm/PUF/b_0<19>'
	#28
select -k net 'tm/PUF/b_0<18>'
	#29
unselect net 'tm/PUF/b_0<18>'
	#30
select -k net 'tm/PUF/b_0<20>'
	#31
unselect net 'tm/PUF/b_0<20>'
	#32
select -k net 'tm/PUF/c_1<13>'
	#33
unselect net 'tm/PUF/c_1<13>'
	#34
select -k net 'tm/PUF/c_1<14>'
	#35
unselect net 'tm/PUF/c_1<14>'
	#36
select -k net 'tm/PUF/c_0<31>'
	#37
select net 'tm/PUF/c_1<31>'
	#38
post attr
	#Building the delay mediator...
	#Hint: to automatically load delays when design is loaded, setattr main auto_load_delays true
	#39
unpost net "tm/PUF/c_0<31>"
	#40
unpost net "tm/PUF/c_1<31>"
	#41
unselect net 'tm/PUF/c_1<31>'
	#42
unselect -all
	#43
select net 'tm/a_not0001'
	#net "tm/a_not0001"
	#44
unselect -all
	#45
select net 'tm/b<1>'
	#net "tm/b<1>"
	#46
unselect net 'tm/b<1>'
	#47
select -k net 'tm/PUF/c_0<31>'
	#48
unselect net 'tm/PUF/c_0<31>'
	#49
select -k net 'tm/PUF/c_1<3>'
	#50
unselect net 'tm/PUF/c_1<3>'
	#51
select -k net 'tm/PUF/c_1<2>'
	#52
unselect net 'tm/PUF/c_1<2>'
	#53
select -k net 'tm/PUF/c_1<3>'
	#54
unselect net 'tm/PUF/c_1<3>'
	#55
select -k net 'tm/PUF/c_1<4>'
	#56
unselect net 'tm/PUF/c_1<4>'
	#57
select -k net 'tm/PUF/c_1<2>'
	#58
unselect net 'tm/PUF/c_1<2>'
	#59
select -k net 'tm/PUF/c_1<1>'
	#60
unselect net 'tm/PUF/c_1<1>'
	#61
select -k net 'tm/PUF/c_1<0>'
	#62
unselect net 'tm/PUF/c_1<0>'
	#63
select -k net 'tm/PUF/c_0<30>'
	#64
unselect net 'tm/PUF/c_0<30>'
	#65
select -k net 'tm/PUF/c_0<29>'
	#66
unselect net 'tm/PUF/c_0<29>'
	#67
select -k net 'tm/PUF/c_0<28>'
	#68
unselect net 'tm/PUF/c_0<28>'
	#69
select -k net 'tm/PUF/c_0<27>'
	#70
unselect net 'tm/PUF/c_0<27>'
